Log file open, 11/07/18 11:21:31
LogWindows: Failed to load 'aqProf.dll' (GetLastError=126)
LogWindows: File 'aqProf.dll' does not exist
LogWindows: Failed to load 'VtuneApi.dll' (GetLastError=126)
LogWindows: File 'VtuneApi.dll' does not exist
LogWindows: Failed to load 'VtuneApi32e.dll' (GetLastError=126)
LogWindows: File 'VtuneApi32e.dll' does not exist
LogInit: Display: Running engine for game: VRQuickStart
LogPlatformFile: Not using cached read wrapper
LogTaskGraph: Started task graph with 5 named threads and 23 total threads with 3 sets of task threads.
LogStats: Stats thread started at 4.137956
LogD3D11RHI: Loaded GFSDK_Aftermath_Lib.x64.dll
LogICUInternationalization: Display: ICU TimeZone Detection - Raw Offset: -5:00, Platform Override: ''
LogPluginManager: Mounting plugin Paper2D
LogPluginManager: Mounting plugin AISupport
LogPluginManager: Mounting plugin LightPropagationVolume
LogPluginManager: Mounting plugin CLionSourceCodeAccess
LogPluginManager: Mounting plugin CodeLiteSourceCodeAccess
LogPluginManager: Mounting plugin GitSourceControl
LogPluginManager: Mounting plugin KDevelopSourceCodeAccess
LogPluginManager: Mounting plugin NullSourceCodeAccess
LogPluginManager: Mounting plugin PerforceSourceControl
LogPluginManager: Mounting plugin SubversionSourceControl
LogPluginManager: Mounting plugin UObjectPlugin
LogPluginManager: Mounting plugin VisualStudioCodeSourceCodeAccess
LogPluginManager: Mounting plugin VisualStudioSourceCodeAccess
LogPluginManager: Mounting plugin XCodeSourceCodeAccess
LogPluginManager: Mounting plugin AssetManagerEditor
LogPluginManager: Mounting plugin CryptoKeys
LogPluginManager: Mounting plugin DataValidation
LogPluginManager: Mounting plugin FacialAnimation
LogPluginManager: Mounting plugin GameplayTagsEditor
LogPluginManager: Mounting plugin MacGraphicsSwitching
LogPluginManager: Mounting plugin MeshEditor
LogPluginManager: Mounting plugin MobileLauncherProfileWizard
LogPluginManager: Mounting plugin PluginBrowser
LogPluginManager: Mounting plugin SpeedTreeImporter
LogPluginManager: Mounting plugin DatasmithContent
LogPluginManager: Mounting plugin AlembicImporter
LogPluginManager: Mounting plugin AppleImageUtils
LogPluginManager: Mounting plugin AppleVision
LogPluginManager: Mounting plugin BackChannel
LogPluginManager: Mounting plugin CharacterAI
LogPluginManager: Mounting plugin GeometryCache
LogPluginManager: Mounting plugin HTML5Networking
LogPluginManager: Mounting plugin ProxyLODPlugin
LogPluginManager: Mounting plugin MagicLeap
LogPluginManager: Mounting plugin MagicLeapEmulator
LogPluginManager: Mounting plugin MagicLeapMedia
LogPluginManager: Mounting plugin AndroidMedia
LogPluginManager: Mounting plugin AvfMedia
LogPluginManager: Mounting plugin ImgMedia
LogPluginManager: Mounting plugin LinearTimecode
LogPluginManager: Mounting plugin MediaCompositing
LogPluginManager: Mounting plugin MediaPlayerEditor
LogPluginManager: Mounting plugin WmfMedia
LogPluginManager: Mounting plugin TcpMessaging
LogPluginManager: Mounting plugin UdpMessaging
LogPluginManager: Mounting plugin ActorSequence
LogPluginManager: Mounting plugin LevelSequenceEditor
LogPluginManager: Mounting plugin MatineeToLevelSequence
LogPluginManager: Mounting plugin NetcodeUnitTest
LogPluginManager: Mounting plugin NUTUnrealEngine4
LogPluginManager: Mounting plugin OnlineSubsystemGooglePlay
LogPluginManager: Mounting plugin OnlineSubsystemIOS
LogPluginManager: Mounting plugin OnlineSubsystem
LogPluginManager: Mounting plugin OnlineSubsystemNull
LogPluginManager: Mounting plugin OnlineSubsystemUtils
LogPluginManager: Mounting plugin LauncherChunkInstaller
LogPluginManager: Mounting plugin AndroidDeviceProfileSelector
LogPluginManager: Mounting plugin AndroidMoviePlayer
LogPluginManager: Mounting plugin AndroidPermission
LogPluginManager: Mounting plugin AppleMoviePlayer
LogPluginManager: Mounting plugin ArchVisCharacter
LogPluginManager: Mounting plugin AudioCapture
LogPluginManager: Mounting plugin CableComponent
LogPluginManager: Mounting plugin CustomMeshComponent
LogPluginManager: Mounting plugin EditableMesh
LogPluginManager: Mounting plugin ExampleDeviceProfileSelector
LogPluginManager: Mounting plugin GoogleCloudMessaging
LogPluginManager: Mounting plugin ImmediatePhysics
LogPluginManager: Mounting plugin IOSDeviceProfileSelector
LogPluginManager: Mounting plugin LinuxDeviceProfileSelector
LogPluginManager: Mounting plugin LocationServicesBPLibrary
LogPluginManager: Mounting plugin MobilePatchingUtils
LogPluginManager: Mounting plugin OculusVR
LogPluginManager: Plugin shader directory ../../../Engine/Plugins/Runtime/Oculus/OculusVR/Shaders found
LogPluginManager: Mapping shader source directory ../../../Engine/Plugins/Runtime/Oculus/OculusVR/Shaders to virtual directory /Plugin/OculusVR
LogPluginManager: Mounting plugin PhysXVehicles
LogPluginManager: Mounting plugin ProceduralMeshComponent
LogPluginManager: Mounting plugin RuntimePhysXCooking
LogPluginManager: Mounting plugin SteamVR
LogPluginManager: Mounting plugin WindowsMoviePlayer
LogStreaming: Display: Took  0.564s to configure plugins.
LogInit: Using libcurl 7.55.1-DEV
LogInit:  - built for x86_64-pc-win32
LogInit:  - supports SSL with OpenSSL/1.0.2h
LogInit:  - supports HTTP deflate (compression) using libz 1.2.8
LogInit:  - other features:
LogInit:      CURL_VERSION_SSL
LogInit:      CURL_VERSION_LIBZ
LogInit:      CURL_VERSION_IPV6
LogInit:      CURL_VERSION_ASYNCHDNS
LogInit:      CURL_VERSION_LARGEFILE
LogInit:      CURL_VERSION_IDN
LogInit:  CurlRequestOptions (configurable via config and command line):
LogInit:  - bVerifyPeer = false  - Libcurl will NOT verify peer certificate
LogInit:  - bUseHttpProxy = false  - Libcurl will NOT use HTTP proxy
LogInit:  - bDontReuseConnections = false  - Libcurl will reuse connections
LogInit:  - CertBundlePath = nullptr  - Libcurl will use whatever was configured at build time.
LogInit:  - MaxHostConnections = 16  - Libcurl will limit the number of connections to a host
LogInit:  - LocalHostAddr = Default
LogInit:  - BufferSize = 65536
LogInit: WinSock: version 1.1 (2.2), MaxSocks=32767, MaxUdp=65467
LogHMD: Failed initializing OVRPlugin 1.25.0
LogInit: Build: ++UE4+Release-4.20-CL-4369336
LogInit: Engine Version: 4.20.3-4369336+++UE4+Release-4.20
LogInit: Compatible Engine Version: 4.20.0-4212847+++UE4+Release-4.20
LogInit: Net CL: 4212847
LogInit: OS: Windows 10 (), CPU: Intel(R) Core(TM) i7-7700HQ CPU @ 2.80GHz, GPU: NVIDIA GeForce GTX 1060
LogInit: Compiled (64-bit): Sep 17 2018 12:26:19
LogInit: Compiled with Visual C++: 19.13.26129.00
LogInit: Build Configuration: Development
LogInit: Branch Name: ++UE4+Release-4.20
LogInit: Command Line:  
LogInit: Base Directory: D:/UnrealEngine/UE_4.20/Engine/Binaries/Win64/
LogInit: Installed Engine Build: 1
LogDevObjectVersion: Number of dev versions registered: 20
LogDevObjectVersion:   Dev-Blueprints (B0D832E4-1F89-4F0D-ACCF-7EB736FD4AA2): 10
LogDevObjectVersion:   Dev-Build (E1C64328-A22C-4D53-A36C-8E866417BD8C): 0
LogDevObjectVersion:   Dev-Core (375EC13C-06E4-48FB-B500-84F0262A717E): 2
LogDevObjectVersion:   Dev-Editor (E4B068ED-F494-42E9-A231-DA0B2E46BB41): 24
LogDevObjectVersion:   Dev-Framework (CFFC743F-43B0-4480-9391-14DF171D2073): 34
LogDevObjectVersion:   Dev-Mobile (B02B49B5-BB20-44E9-A304-32B752E40360): 2
LogDevObjectVersion:   Dev-Networking (A4E4105C-59A1-49B5-A7C5-40C4547EDFEE): 0
LogDevObjectVersion:   Dev-Online (39C831C9-5AE6-47DC-9A44-9C173E1C8E7C): 0
LogDevObjectVersion:   Dev-Physics (78F01B33-EBEA-4F98-B9B4-84EACCB95AA2): 0
LogDevObjectVersion:   Dev-Platform (6631380F-2D4D-43E0-8009-CF276956A95A): 0
LogDevObjectVersion:   Dev-Rendering (12F88B9F-8875-4AFC-A67C-D90C383ABD29): 26
LogDevObjectVersion:   Dev-Sequencer (7B5AE74C-D270-4C10-A958-57980B212A5A): 9
LogDevObjectVersion:   Dev-VR (D7296918-1DD6-4BDD-9DE2-64A83CC13884): 2
LogDevObjectVersion:   Dev-LoadTimes (C2A15278-BFE7-4AFE-6C17-90FF531DF755): 1
LogDevObjectVersion:   Private-Geometry (6EACA3D4-40EC-4CC1-B786-8BED09428FC5): 3
LogDevObjectVersion:   Dev-AnimPhys (29E575DD-E0A3-4627-9D10-D276232CDCEA): 17
LogDevObjectVersion:   Dev-ReflectionCapture (6B266CEC-1EC7-4B8F-A30B-E4D90942FC07): 1
LogDevObjectVersion:   Dev-Automation (0DF73D61-A23F-47EA-B727-89E90C41499A): 1
LogDevObjectVersion:   FortniteMain (601D1886-AC64-4F84-AA16-D3DE0DEAC7D6): 12
LogDevObjectVersion:   Dev-Enterprise (9DFFBCD6-494F-0158-E221-12823C92A888): 1
LogStreaming: Display: Took  0.163s to delete old logs.
LogInit: Presizing for max 8388607 objects, including 0 objects not considered by GC, pre-allocating 0 bytes for permanent pool.
LogInit: Object subsystem initialized
[2018.11.07-16.21.37:074][  0]LogInit: Selected Device Profile: [Windows]
[2018.11.07-16.21.37:074][  0]LogInit: Applying CVar settings loaded from the selected device profile: [Windows]
[2018.11.07-16.21.37:161][  0]LogHAL: Display: Platform has ~ 16 GB [17130463232 / 17179869184 / 16], which maps to Larger [LargestMinGB=32, LargerMinGB=12, DefaultMinGB=8, SmallerMinGB=6, SmallestMinGB=0)
[2018.11.07-16.21.37:170][  0]LogInit: Setting Device Profile CVar: [[r.Vulkan.UseRealUBs:1]]
[2018.11.07-16.21.37:173][  0]LogInit: Going up to parent DeviceProfile []
[2018.11.07-16.21.37:228][  0]LogInit: Computer: DATASTORE-JESSI
[2018.11.07-16.21.37:228][  0]LogInit: User: justi
[2018.11.07-16.21.37:228][  0]LogInit: CPU Page size=4096, Cores=4
[2018.11.07-16.21.37:228][  0]LogInit: High frequency timer resolution =2.742191 MHz
[2018.11.07-16.21.37:228][  0]LogMemory: Memory total: Physical=16.0GB (16GB approx)
[2018.11.07-16.21.37:228][  0]LogMemory: Platform Memory Stats for Windows
[2018.11.07-16.21.37:228][  0]LogMemory: Process Physical Memory: 103.14 MB used, 103.14 MB peak
[2018.11.07-16.21.37:228][  0]LogMemory: Process Virtual Memory: 92.63 MB used, 92.63 MB peak
[2018.11.07-16.21.37:228][  0]LogMemory: Physical Memory: 7871.96 MB used,  8464.92 MB free, 16336.88 MB total
[2018.11.07-16.21.37:228][  0]LogMemory: Virtual Memory: 4639.61 MB used,  8464.92 MB free, 134217728.00 MB total
[2018.11.07-16.21.38:909][  0]LogInit: Using OS detected language (en-US).
[2018.11.07-16.21.38:909][  0]LogInit: Using OS detected locale (en-US).
[2018.11.07-16.21.38:948][  0]LogTextLocalizationManager: No specific localization for 'en-US' exists, so the 'en' localization will be used.
[2018.11.07-16.21.39:752][  0]LogStreaming: Display: Took  0.792s to InitEngineTextLocalization.
[2018.11.07-16.21.39:758][  0]LogInit: Setting process to per monitor DPI aware
[2018.11.07-16.21.40:477][  0]LogSlate: New Slate User Created.  User Index 0, Is Virtual User: 0
[2018.11.07-16.21.40:477][  0]LogSlate: Slate User Registered.  User Index 0, Is Virtual User: 0
[2018.11.07-16.21.46:478][  0]LogHMD: Failed to initialize OpenVR with code 126
[2018.11.07-16.21.46:478][  0]LogD3D11RHI: D3D11 adapters:
[2018.11.07-16.21.46:630][  0]LogD3D11RHI:    0. 'NVIDIA GeForce GTX 1060' (Feature Level 11_0)
[2018.11.07-16.21.46:630][  0]LogD3D11RHI:       6052/0/8168 MB DedicatedVideo/DedicatedSystem/SharedSystem, Outputs:1, VendorId:0x10de
[2018.11.07-16.21.46:632][  0]LogD3D11RHI:    1. 'Microsoft Basic Render Driver' (Feature Level 11_0)
[2018.11.07-16.21.46:632][  0]LogD3D11RHI:       0/0/8168 MB DedicatedVideo/DedicatedSystem/SharedSystem, Outputs:0, VendorId:0x1414
[2018.11.07-16.21.46:632][  0]LogD3D11RHI: Chosen D3D11 Adapter: 0
[2018.11.07-16.21.46:648][  0]LogD3D11RHI: Creating new Direct3DDevice
[2018.11.07-16.21.46:648][  0]LogD3D11RHI:     GPU DeviceId: 0x1c60 (for the marketing name, search the web for "GPU Device Id")
[2018.11.07-16.21.46:655][  0]LogWindows: EnumDisplayDevices:
[2018.11.07-16.21.46:655][  0]LogWindows:    0. 'NVIDIA GeForce GTX 1060' (P:1 D:1)
[2018.11.07-16.21.46:656][  0]LogWindows:    1. 'NVIDIA GeForce GTX 1060' (P:0 D:0)
[2018.11.07-16.21.46:656][  0]LogWindows:    2. 'NVIDIA GeForce GTX 1060' (P:0 D:0)
[2018.11.07-16.21.46:656][  0]LogWindows:    3. 'NVIDIA GeForce GTX 1060' (P:0 D:0)
[2018.11.07-16.21.46:656][  0]LogWindows: DebugString: FoundDriverCount:4 
[2018.11.07-16.21.46:656][  0]LogD3D11RHI:     Adapter Name: NVIDIA GeForce GTX 1060
[2018.11.07-16.21.46:657][  0]LogD3D11RHI:   Driver Version: 416.34 (internal:25.21.14.1634, unified:416.34)
[2018.11.07-16.21.46:657][  0]LogD3D11RHI:      Driver Date: 10-10-2018
[2018.11.07-16.21.46:657][  0]LogRHI: Texture pool is 4236 MB (70% of 6052 MB)
[2018.11.07-16.21.46:724][  0]LogD3D11RHI: Async texture creation enabled
[2018.11.07-16.21.47:017][  0]LogD3D11RHI: GPU Timing Frequency: 1000.000000 (Debug: 2 2)
[2018.11.07-16.21.47:220][  0]LogShaderCompilers: Guid format shader working directory is 2 characters bigger than the processId version (../../../../../Unreal Projects/VRQuickStart/Intermediate/Shaders/WorkingDirectory/14200/).
[2018.11.07-16.21.47:220][  0]LogShaderCompilers: Cleaned the shader compiler working directory 'C:/Users/justi/AppData/Local/Temp/UnrealShaderWorkingDir/64AEB4D1471D32EE958DB595E6CEB7FF/'.
[2018.11.07-16.21.48:213][  0]LogTemp: Display: Loaded TP AllDesktopTargetPlatform
[2018.11.07-16.21.48:294][  0]LogTemp: Display: Loaded TP MacClientTargetPlatform
[2018.11.07-16.21.48:350][  0]LogTemp: Display: Loaded TP MacNoEditorTargetPlatform
[2018.11.07-16.21.48:380][  0]LogTemp: Display: Loaded TP MacServerTargetPlatform
[2018.11.07-16.21.48:467][  0]LogTemp: Display: Loaded TP MacTargetPlatform
[2018.11.07-16.21.48:555][  0]LogTemp: Display: Loaded TP WindowsClientTargetPlatform
[2018.11.07-16.21.48:590][  0]LogTemp: Display: Loaded TP WindowsNoEditorTargetPlatform
[2018.11.07-16.21.48:620][  0]LogTemp: Display: Loaded TP WindowsServerTargetPlatform
[2018.11.07-16.21.48:666][  0]LogTemp: Display: Loaded TP WindowsTargetPlatform
[2018.11.07-16.21.48:866][  0]LogTemp: Display: Loaded TP AndroidTargetPlatform
[2018.11.07-16.21.48:866][  0]LogTemp: Display: Loaded TP AndroidTargetPlatform
[2018.11.07-16.21.48:866][  0]LogTemp: Display: Loaded TP AndroidTargetPlatform
[2018.11.07-16.21.48:866][  0]LogTemp: Display: Loaded TP AndroidTargetPlatform
[2018.11.07-16.21.48:866][  0]LogTemp: Display: Loaded TP AndroidTargetPlatform
[2018.11.07-16.21.48:866][  0]LogTemp: Display: Loaded TP AndroidTargetPlatform
[2018.11.07-16.21.48:866][  0]LogTemp: Display: Loaded TP AndroidTargetPlatform
[2018.11.07-16.21.48:866][  0]LogTemp: Display: Loaded TP AndroidTargetPlatform
[2018.11.07-16.21.48:866][  0]LogTemp: Display: Loaded TP AndroidTargetPlatform
[2018.11.07-16.21.48:866][  0]LogTemp: Display: Loaded TP AndroidTargetPlatform
[2018.11.07-16.21.48:866][  0]LogTemp: Display: Loaded TP AndroidTargetPlatform
[2018.11.07-16.21.48:866][  0]LogTemp: Display: Loaded TP AndroidTargetPlatform
[2018.11.07-16.21.48:866][  0]LogTemp: Display: Loaded TP AndroidTargetPlatform
[2018.11.07-16.21.48:866][  0]LogTemp: Display: Loaded TP AndroidTargetPlatform
[2018.11.07-16.21.48:866][  0]LogTemp: Display: Loaded TP AndroidTargetPlatform
[2018.11.07-16.21.48:866][  0]LogTemp: Display: Loaded TP AndroidTargetPlatform
[2018.11.07-16.21.48:866][  0]LogTemp: Display: Loaded TP AndroidTargetPlatform
[2018.11.07-16.21.48:866][  0]LogTemp: Display: Loaded TP AndroidTargetPlatform
[2018.11.07-16.21.48:912][  0]LogTemp: Display: Loaded TP HTML5TargetPlatform
[2018.11.07-16.21.49:141][  0]LogTemp: Display: Loaded TP IOSTargetPlatform
[2018.11.07-16.21.49:141][  0]LogTemp: Display: Loaded TP IOSTargetPlatform
[2018.11.07-16.21.49:206][  0]LogTemp: Display: Loaded TP TVOSTargetPlatform
[2018.11.07-16.21.49:206][  0]LogTemp: Display: Loaded TP TVOSTargetPlatform
[2018.11.07-16.21.49:236][  0]LogTemp: Display: Loaded TP LinuxClientTargetPlatform
[2018.11.07-16.21.49:266][  0]LogTemp: Display: Loaded TP LinuxNoEditorTargetPlatform
[2018.11.07-16.21.49:298][  0]LogTemp: Display: Loaded TP LinuxServerTargetPlatform
[2018.11.07-16.21.49:372][  0]LogTemp: Display: Loaded TP LinuxTargetPlatform
[2018.11.07-16.21.49:419][  0]LogTemp: Display: Loaded TP LuminTargetPlatform
[2018.11.07-16.21.49:419][  0]LogTargetPlatformManager: Display: Building Assets For Windows
[2018.11.07-16.21.50:926][  0]LogXGEController: Cleaning working directory: C:/Users/justi/AppData/Local/Temp/UnrealXGEWorkingDir/
[2018.11.07-16.21.50:926][  0]LogXGEController: Cannot use XGE Controller as Incredibuild is not installed on this machine.
[2018.11.07-16.21.50:926][  0]LogShaderCompilers: Cannot use XGE Shader Compiler as Incredibuild is not installed on this machine.
[2018.11.07-16.21.50:927][  0]LogShaderCompilers: Display: Using Local Shader Compiler.
[2018.11.07-16.21.55:434][  0]LogDerivedDataCache: Display: Max Cache Size: 512 MB
[2018.11.07-16.21.55:733][  0]LogDerivedDataCache: Loaded boot cache 0.30s 72MB C:/Users/justi/AppData/Local/UnrealEngine/4.20/DerivedDataCache/Boot.ddc.
[2018.11.07-16.21.55:733][  0]LogDerivedDataCache: Display: Loaded Boot cache: C:/Users/justi/AppData/Local/UnrealEngine/4.20/DerivedDataCache/Boot.ddc
[2018.11.07-16.21.55:733][  0]LogDerivedDataCache: FDerivedDataBackendGraph:  Pak pak cache file ../../../../../Unreal Projects/VRQuickStart/DerivedDataCache/DDC.ddp not found, will not use a pak cache.
[2018.11.07-16.21.55:733][  0]LogDerivedDataCache: Unable to find inner node Pak for hierarchical cache Hierarchy.
[2018.11.07-16.21.55:733][  0]LogDerivedDataCache: FDerivedDataBackendGraph:  CompressedPak pak cache file ../../../../../Unreal Projects/VRQuickStart/DerivedDataCache/Compressed.ddp not found, will not use a pak cache.
[2018.11.07-16.21.55:733][  0]LogDerivedDataCache: Unable to find inner node CompressedPak for hierarchical cache Hierarchy.
[2018.11.07-16.21.55:803][  0]LogDerivedDataCache: Display: Pak cache opened for reading ../../../Engine/DerivedDataCache/Compressed.ddp.
[2018.11.07-16.21.55:818][  0]LogDerivedDataCache: Using Local data cache path C:/Users/justi/AppData/Local/UnrealEngine/Common/DerivedDataCache: Writable
[2018.11.07-16.21.55:818][  0]LogDerivedDataCache: Shared data cache path not found in *engine.ini, will not use an Shared cache.
[2018.11.07-16.21.55:818][  0]LogDerivedDataCache: Unable to find inner node Shared for hierarchical cache Hierarchy.
[2018.11.07-16.21.56:009][  0]LogMaterial: Verifying Global Shaders for PCD3D_SM5
[2018.11.07-16.21.56:077][  0]LogSlate: Using FreeType 2.6.0
[2018.11.07-16.21.56:160][  0]LogSlate: SlateFontServices - WITH_FREETYPE: 1, WITH_HARFBUZZ: 1
[2018.11.07-16.21.58:259][  0]LogAssetRegistry: FAssetRegistry took 0.0395 seconds to start up
[2018.11.07-16.22.05:969][  0]LogInit: Selected Device Profile: [Windows]
[2018.11.07-16.22.08:959][  0]LogSimplygon: Simplygon DLL not present - disabling.
[2018.11.07-16.22.09:211][  0]LogMeshReduction: Using SimplygonSwarm for distributed automatic mesh merging
[2018.11.07-16.22.09:233][  0]LogMeshReduction: Using ProxyLODMeshReduction for automatic mesh merging
[2018.11.07-16.22.09:263][  0]LogMeshReduction: Using QuadricMeshReduction for automatic static mesh reduction
[2018.11.07-16.22.09:264][  0]LogMeshReduction: No automatic skeletal mesh reduction module available
[2018.11.07-16.22.10:211][  0]LogNetVersion: VRQuickStart 1.0.0, NetCL: 4212847, EngineNetVer: 5, GameNetVer: 0 (Checksum: 1540982849)
[2018.11.07-16.22.18:548][  0]LogPackageLocalizationCache: Processed 11 localized package path(s) for 2 prioritized culture(s) in 0.296312 seconds
[2018.11.07-16.22.18:649][  0]LogUObjectArray: 38425 objects as part of root set at end of initial load.
[2018.11.07-16.22.18:649][  0]LogUObjectAllocator: 6690864 out of 0 bytes used by permanent object pool.
[2018.11.07-16.22.18:649][  0]LogUObjectArray: CloseDisregardForGC: 0/0 objects in disregard for GC pool
[2018.11.07-16.22.53:314][  0]LogTcpMessaging: Initializing TcpMessaging bridge
[2018.11.07-16.22.53:372][  0]LogUdpMessaging: Initializing bridge on interface 0.0.0.0:0 to multicast group 230.0.0.1:6666.
[2018.11.07-16.22.55:319][  0]SourceControl: Source control is disabled
[2018.11.07-16.22.55:332][  0]SourceControl: Source control is disabled
[2018.11.07-16.22.55:435][  0]SourceControl: Source control is disabled
[2018.11.07-16.22.55:458][  0]SourceControl: Source control is disabled
[2018.11.07-16.22.57:576][  0]LogAndroidPermission: UAndroidPermissionCallbackProxy::GetInstance
[2018.11.07-16.22.57:879][  0]LogOcInput: OculusInput pre-init called
[2018.11.07-16.22.59:005][  0]LogEngine: Initializing Engine...
[2018.11.07-16.22.59:082][  0]LogHMD: Failed to initialize OpenVR with code 126
[2018.11.07-16.22.59:145][  0]LogStats: UGameplayTagsManager::ConstructGameplayTagTree: ImportINI prefixes -  0.000 s
[2018.11.07-16.22.59:145][  0]LogStats: UGameplayTagsManager::ConstructGameplayTagTree: Construct from data asset -  0.000 s
[2018.11.07-16.22.59:145][  0]LogStats: UGameplayTagsManager::ConstructGameplayTagTree: ImportINI -  0.000 s
[2018.11.07-16.22.59:145][  0]LogStats: UGameplayTagsManager::ConstructGameplayTagTree: GameplayTagTreeChangedEvent.Broadcast -  0.000 s
[2018.11.07-16.23.00:332][  0]LogInit: Initializing FReadOnlyCVARCache
[2018.11.07-16.23.01:045][  0]LogAIModule: Creating AISystem for world Untitled
[2018.11.07-16.23.01:589][  0]LogInit: XAudio2 using 'Speakers (Realtek High Definition Audio)' : 6 channels at 48 kHz using 32 bits per sample (channel mask 0x3f)
[2018.11.07-16.23.01:786][  0]LogInit: FAudioDevice initialized.
[2018.11.07-16.23.01:805][  0]LogNetVersion: Set ProjectVersion to 1.0.0.0. Version Checksum will be recalculated on next use.
[2018.11.07-16.23.01:923][  0]LogDerivedDataCache: Saved boot cache 0.12s 72MB C:/Users/justi/AppData/Local/UnrealEngine/4.20/DerivedDataCache/Boot.ddc.
[2018.11.07-16.23.01:923][  0]LogInit: Texture streaming: Enabled
[2018.11.07-16.23.02:277][  0]LogEngineSessionManager: EngineSessionManager initialized
[2018.11.07-16.23.02:535][  0]LogInit: Transaction tracking system initialized
[2018.11.07-16.23.03:277][  0]BlueprintLog: New page: Editor Load
[2018.11.07-16.23.05:257][  0]LocalizationService: Localization service is disabled
[2018.11.07-16.23.10:666][  0]LogFileCache: Scanning file cache for directory 'D:/Unreal Projects/VRQuickStart/Content/' took 0.03s
[2018.11.07-16.23.10:666][  0]LogCook: Display: Max memory allowance for cook 16384mb min free memory 0mb
[2018.11.07-16.23.10:712][  0]LogCook: Display: Mobile HDR setting 1
[2018.11.07-16.23.10:722][  0]LogGameplayTags: Display: UGameplayTagsManager::DoneAddingNativeTags. DelegateIsBound: 0
[2018.11.07-16.23.10:733][  0]LogStats: UGameplayTagsManager::ConstructGameplayTagTree: ImportINI prefixes -  0.000 s
[2018.11.07-16.23.10:733][  0]LogStats: UGameplayTagsManager::ConstructGameplayTagTree: Construct from data asset -  0.000 s
[2018.11.07-16.23.10:734][  0]LogStats: UGameplayTagsManager::ConstructGameplayTagTree: ImportINI -  0.000 s
[2018.11.07-16.23.10:734][  0]LogStats: UGameplayTagsManager::ConstructGameplayTagTree: GameplayTagTreeChangedEvent.Broadcast -  0.000 s
[2018.11.07-16.23.15:593][  0]SourceControl: Source control is disabled
[2018.11.07-16.23.15:636][  0]Cmd: MAP LOAD FILE="../../../../../Unreal Projects/VRQuickStart/Content/VirtualRealityBP/Maps/MotionControllerMap.umap" TEMPLATE=0 SHOWPROGRESS=1 FEATURELEVEL=3
[2018.11.07-16.23.15:748][  0]LightingResults: New page: Lighting Build
[2018.11.07-16.23.16:213][  0]MapCheck: New page: Map Check
[2018.11.07-16.23.16:213][  0]LightingResults: New page: Lighting Build
[2018.11.07-16.23.21:429][  0]LogAIModule: Creating AISystem for world MotionControllerMap
[2018.11.07-16.23.23:006][  0]LogEditorServer: Finished looking for orphan Actors (0.000 secs)
[2018.11.07-16.23.23:343][  0]Cmd: MAP CHECKDEP NOCLEARLOG
[2018.11.07-16.23.23:677][  0]MapCheck: Map check complete: 0 Error(s), 0 Warning(s), took 333.78ms to complete.
[2018.11.07-16.23.23:677][  0]LogFileHelpers: Loading map 'MotionControllerMap' took 8.073
[2018.11.07-16.23.28:247][  0]LogSlate: Updating window title bar state: overlay mode, drag disabled, window buttons hidden, title bar hidden
[2018.11.07-16.23.28:304][  0]LogSlate: Updating window title bar state: overlay mode, drag disabled, window buttons hidden, title bar hidden
[2018.11.07-16.23.28:312][  0]LogSlate: Updating window title bar state: overlay mode, drag disabled, window buttons hidden, title bar hidden
[2018.11.07-16.23.28:320][  0]LogSlate: Updating window title bar state: overlay mode, drag disabled, window buttons hidden, title bar hidden
[2018.11.07-16.23.28:549][  0]LogCollectionManager: Loaded 0 collections in 0.001873 seconds
[2018.11.07-16.23.28:996][  0]LogFileCache: Scanning file cache for directory 'D:/Unreal Projects/VRQuickStart/Saved/Collections/' took 0.01s
[2018.11.07-16.23.28:996][  0]LogFileCache: Scanning file cache for directory 'D:/Unreal Projects/VRQuickStart/Content/Developers/justi/Collections/' took 0.01s
[2018.11.07-16.23.28:996][  0]LogFileCache: Scanning file cache for directory 'D:/Unreal Projects/VRQuickStart/Content/Collections/' took 0.01s
[2018.11.07-16.23.28:996][  0]LogCollectionManager: Rebuilt the GUID cache for 0 collections in 0.000001 seconds
[2018.11.07-16.23.29:055][  0]LogContentBrowser: Native class hierarchy populated in 0.0403 seconds. Added 2572 classes and 603 folders.
[2018.11.07-16.23.29:241][  0]LogContentBrowser: Native class hierarchy updated for 'WidgetCarousel' in 0.0003 seconds. Added 0 classes and 0 folders.
[2018.11.07-16.23.31:948][  0]LogContentBrowser: Native class hierarchy updated for 'AddContentDialog' in 0.0004 seconds. Added 0 classes and 0 folders.
[2018.11.07-16.23.32:106][  0]LogContentBrowser: Native class hierarchy updated for 'SceneOutliner' in 0.0004 seconds. Added 1 classes and 2 folders.
[2018.11.07-16.23.32:242][  0]LogContentBrowser: Native class hierarchy updated for 'WorldBrowser' in 0.0004 seconds. Added 2 classes and 3 folders.
[2018.11.07-16.23.34:182][  0]LogSlate: Took 0.015953 seconds to synchronously load lazily loaded font '../../../Engine/Content/Slate/Fonts/Roboto-Regular.ttf' (155K)
[2018.11.07-16.23.34:248][  0]LogSlate: Took 0.041672 seconds to synchronously load lazily loaded font '../../../Engine/Content/Slate/Fonts/Roboto-Bold.ttf' (160K)
[2018.11.07-16.23.34:318][  0]LogSlate: Took 0.016261 seconds to synchronously load lazily loaded font '../../../Engine/Content/Editor/Slate/Fonts/FontAwesome.ttf' (139K)
[2018.11.07-16.23.35:516][  0]LogRenderer: Reallocating scene render targets to support 1208x576 Format 26 NumSamples 1 (Frame:1).
[2018.11.07-16.23.37:636][  0]LogContentBrowser: Native class hierarchy updated for 'HierarchicalLODOutliner' in 0.0004 seconds. Added 0 classes and 0 folders.
[2018.11.07-16.23.37:636][  0]LogLoad: (Engine Initialization) Total time: 160.19 seconds
[2018.11.07-16.23.37:636][  0]LogLoad: (Engine Initialization) Total Blueprint compile time: 0.00 seconds
[2018.11.07-16.23.38:625][  0]LogContentStreaming: Texture pool size now 1000 MB
[2018.11.07-16.23.39:864][  2]LogSlate: Took 0.042830 seconds to synchronously load lazily loaded font '../../../Engine/Content/Slate/Fonts/Roboto-Light.ttf' (167K)
[2018.11.07-16.23.39:916][  3]LogAssetRegistry: Asset discovery search completed in 101.6808 seconds
[2018.11.07-16.23.39:951][  3]LogCollectionManager: Rebuilt the object cache for 0 collections in 0.000001 seconds (found 0 objects)
[2018.11.07-16.23.39:951][  3]LogCollectionManager: Fixed up redirectors for 0 collections in 0.033995 seconds (updated 0 objects)
[2018.11.07-16.23.40:213][  3]LogSlate: Took 0.000413 seconds to synchronously load lazily loaded font '../../../Engine/Content/Slate/Fonts/Roboto-Light.ttf' (167K)
[2018.11.07-16.23.46:367][342]LogSlate: FSceneViewport::OnFocusLost() reason 0
[2018.11.07-16.24.23:510][553]LogEditorViewport: Clicking on Actor (LMB): PuzzleCubeTest_C (PuzzleCubeTest)
[2018.11.07-16.24.30:329][906]LogSlate: FSceneViewport::OnFocusLost() reason 0
[2018.11.07-16.24.42:260][542]LogAssetEditorManager: Opening Asset editor for Blueprint /Game/Server17/Blueprints/PuzzleCubeTest.PuzzleCubeTest
[2018.11.07-16.24.43:599][542]LogClass: Warning: Enum '/Game/VirtualRealityBP/Blueprints/GripEnum.GripEnum' was upgraded to use FText to store its display name data. Please re-save this asset to avoid issues with localization and determinstic cooking.
[2018.11.07-16.24.43:909][542]LogContentBrowser: Native class hierarchy updated for 'BlueprintGraph' in 0.0007 seconds. Added 116 classes and 0 folders.
[2018.11.07-16.24.46:863][542]LogSlate: Took 0.030282 seconds to synchronously load lazily loaded font '../../../Engine/Content/Slate/Fonts/Roboto-BoldCondensed.ttf' (158K)
[2018.11.07-16.24.47:457][543]LogSlate: Took 0.023562 seconds to synchronously load lazily loaded font '../../../Engine/Content/Slate/Fonts/Roboto-Italic.ttf' (157K)
[2018.11.07-16.24.49:834][671]LogSlate: Window 'PuzzleCubeTest' being destroyed
[2018.11.07-16.24.50:655][711]LogRenderer: Reallocating scene render targets to support 1208x712 Format 26 NumSamples 1 (Frame:1).
[2018.11.07-16.24.54:451][905]LogSlate: FSceneViewport::OnFocusLost() reason 0
[2018.11.07-16.25.00:390][191]LogHttp: Warning: 0000022597F18CC0: request failed, libcurl error: 35 (SSL connect error)
[2018.11.07-16.25.00:390][191]LogHttp: Warning: 0000022597F18CC0: libcurl info message cache 0 (  Trying 34.239.90.191...)
[2018.11.07-16.25.00:390][191]LogHttp: Warning: 0000022597F18CC0: libcurl info message cache 1 (TCP_NODELAY set)
[2018.11.07-16.25.00:390][191]LogHttp: Warning: 0000022597F18CC0: libcurl info message cache 2 (Connected to datarouter.ol.epicgames.com (34.239.90.191) port 443 (#0))
[2018.11.07-16.25.00:390][191]LogHttp: Warning: 0000022597F18CC0: libcurl info message cache 3 (ALPN, offering http/1.1)
[2018.11.07-16.25.00:390][191]LogHttp: Warning: 0000022597F18CC0: libcurl info message cache 4 (Cipher selection: ALL:!EXPORT:!EXPORT40:!EXPORT56:!aNULL:!LOW:!RC4:@STRENGTH)
[2018.11.07-16.25.00:390][191]LogHttp: Warning: 0000022597F18CC0: libcurl info message cache 5 (TLSv1.2 (OUT), TLS header, Certificate Status (22):)
[2018.11.07-16.25.00:390][191]LogHttp: Warning: 0000022597F18CC0: libcurl info message cache 6 (TLSv1.2 (OUT), TLS handshake, Client hello (1):)
[2018.11.07-16.25.00:390][191]LogHttp: Warning: 0000022597F18CC0: libcurl info message cache 7 (OpenSSL SSL_connect: SSL_ERROR_SYSCALL in connection to datarouter.ol.epicgames.com:443 )
[2018.11.07-16.25.00:390][191]LogHttp: Warning: 0000022597F18CC0: libcurl info message cache 8 (Closing connection 0)
[2018.11.07-16.25.09:761][743]LogSlate: FSceneViewport::OnFocusLost() reason 0
[2018.11.07-16.25.12:124][884]LogAssetEditorManager: Opening Asset editor for Blueprint /Game/Server17/Blueprints/InteractButton.InteractButton
[2018.11.07-16.25.39:718][495]LogAssetEditorManager: Opening Asset editor for Blueprint /Game/Server17/Blueprints/Server17PlayerPawn.Server17PlayerPawn
[2018.11.07-16.26.40:041][ 46]LogAssetEditorManager: Opening Asset editor for Blueprint /Game/Server17/Blueprints/InteractionComponent.InteractionComponent
[2018.11.07-16.28.59:094][345]LogHttp: Warning: 0000022623768900: request failed, libcurl error: 35 (SSL connect error)
[2018.11.07-16.28.59:094][345]LogHttp: Warning: 0000022623768900: libcurl info message cache 0 (Connection 1 seems to be dead!)
[2018.11.07-16.28.59:094][345]LogHttp: Warning: 0000022623768900: libcurl info message cache 1 (Closing connection 1)
[2018.11.07-16.28.59:094][345]LogHttp: Warning: 0000022623768900: libcurl info message cache 2 (TLSv1.2 (OUT), TLS alert, Client hello (1):)
[2018.11.07-16.28.59:094][345]LogHttp: Warning: 0000022623768900: libcurl info message cache 3 (  Trying 52.71.186.206...)
[2018.11.07-16.28.59:094][345]LogHttp: Warning: 0000022623768900: libcurl info message cache 4 (TCP_NODELAY set)
[2018.11.07-16.28.59:094][345]LogHttp: Warning: 0000022623768900: libcurl info message cache 5 (Connected to datarouter.ol.epicgames.com (52.71.186.206) port 443 (#2))
[2018.11.07-16.28.59:094][345]LogHttp: Warning: 0000022623768900: libcurl info message cache 6 (ALPN, offering http/1.1)
[2018.11.07-16.28.59:094][345]LogHttp: Warning: 0000022623768900: libcurl info message cache 7 (Cipher selection: ALL:!EXPORT:!EXPORT40:!EXPORT56:!aNULL:!LOW:!RC4:@STRENGTH)
[2018.11.07-16.28.59:094][345]LogHttp: Warning: 0000022623768900: libcurl info message cache 8 (SSL re-using session ID)
[2018.11.07-16.28.59:094][345]LogHttp: Warning: 0000022623768900: libcurl info message cache 9 (TLSv1.2 (OUT), TLS handshake, Client hello (1):)
[2018.11.07-16.28.59:094][345]LogHttp: Warning: 0000022623768900: libcurl info message cache 10 (OpenSSL SSL_connect: SSL_ERROR_SYSCALL in connection to datarouter.ol.epicgames.com:443 )
[2018.11.07-16.28.59:094][345]LogHttp: Warning: 0000022623768900: libcurl info message cache 11 (Closing connection 2)
[2018.11.07-16.31.20:503][820]LogHttp: Warning: 0000022623C06700: request failed, libcurl error: 35 (SSL connect error)
[2018.11.07-16.31.20:503][820]LogHttp: Warning: 0000022623C06700: libcurl info message cache 0 (Hostname in DNS cache was stale, zapped)
[2018.11.07-16.31.20:503][820]LogHttp: Warning: 0000022623C06700: libcurl info message cache 1 (  Trying 54.210.87.163...)
[2018.11.07-16.31.20:503][820]LogHttp: Warning: 0000022623C06700: libcurl info message cache 2 (TCP_NODELAY set)
[2018.11.07-16.31.20:503][820]LogHttp: Warning: 0000022623C06700: libcurl info message cache 3 (Connected to datarouter.ol.epicgames.com (54.210.87.163) port 443 (#3))
[2018.11.07-16.31.20:503][820]LogHttp: Warning: 0000022623C06700: libcurl info message cache 4 (ALPN, offering http/1.1)
[2018.11.07-16.31.20:503][820]LogHttp: Warning: 0000022623C06700: libcurl info message cache 5 (Cipher selection: ALL:!EXPORT:!EXPORT40:!EXPORT56:!aNULL:!LOW:!RC4:@STRENGTH)
[2018.11.07-16.31.20:503][820]LogHttp: Warning: 0000022623C06700: libcurl info message cache 6 (SSL re-using session ID)
[2018.11.07-16.31.20:503][820]LogHttp: Warning: 0000022623C06700: libcurl info message cache 7 (TLSv1.2 (OUT), TLS handshake, Client hello (1):)
[2018.11.07-16.31.20:503][820]LogHttp: Warning: 0000022623C06700: libcurl info message cache 8 (OpenSSL SSL_connect: SSL_ERROR_SYSCALL in connection to datarouter.ol.epicgames.com:443 )
[2018.11.07-16.31.20:503][820]LogHttp: Warning: 0000022623C06700: libcurl info message cache 9 (Closing connection 3)
[2018.11.07-16.33.38:032][ 41]LogFileHelpers: Editor autosave (incl. sublevels) for '/Game/VirtualRealityBP/Maps/MotionControllerMap' took 0.119
[2018.11.07-16.33.38:089][ 41]OBJ SavePackage: Generating thumbnails for [1] asset(s) in package [/Game/Server17/Blueprints/Server17PlayerPawn] ([1] browsable assets)...
[2018.11.07-16.33.38:142][ 41]OBJ SavePackage:     Rendered thumbnail for [Blueprint /Game/Server17/Blueprints/Server17PlayerPawn.Server17PlayerPawn]
[2018.11.07-16.33.38:142][ 41]OBJ SavePackage: Finished generating thumbnails for package [/Game/Server17/Blueprints/Server17PlayerPawn]
[2018.11.07-16.33.39:788][ 41]LogSavePackage: Moving '../../../../../Unreal Projects/VRQuickStart/Saved/Server17PlayerPawn_Auto13FD479464DE782D61BCE6686C0DAA251.tmp' to '../../../../../Unreal Projects/VRQuickStart/Saved/Autosaves/Game/Server17/Blueprints/Server17PlayerPawn_Auto1.uasset'
[2018.11.07-16.33.39:860][ 41]LogFileHelpers: Auto-saving content packages took 1.826
[2018.11.07-16.34.11:467][651]LogSlate: Window 'Save Content' being destroyed
[2018.11.07-16.34.11:526][651]Cmd: OBJ SAVEPACKAGE PACKAGE="/Game/Server17/Blueprints/Server17PlayerPawn" FILE="../../../../../Unreal Projects/VRQuickStart/Content/Server17/Blueprints/Server17PlayerPawn.uasset" SILENT=true
[2018.11.07-16.34.11:619][651]LogSavePackage: Moving '../../../../../Unreal Projects/VRQuickStart/Saved/Server17PlayerPawnA12CE6074F11EB14D6092E811B0FBB6C.tmp' to '../../../../../Unreal Projects/VRQuickStart/Content/Server17/Blueprints/Server17PlayerPawn.uasset'
[2018.11.07-16.34.12:213][651]LogActorComponent: UnregisterComponent: (/Engine/Transient.EditorFloorComp) Not registered. Aborting.
[2018.11.07-16.34.12:285][651]LogActorComponent: UnregisterComponent: (/Engine/Transient.EditorFloorComp) Not registered. Aborting.
[2018.11.07-16.34.12:374][651]LogSlate: Window 'VRQuickStart - Unreal Editor' being destroyed
[2018.11.07-16.34.12:891][652]Cmd: QUIT_EDITOR
[2018.11.07-16.34.13:388][652]LogWindowsTextInputMethodSystem: Display: IME system now deactivated.
[2018.11.07-16.34.13:487][652]LogExit: Preparing to exit.
[2018.11.07-16.34.14:571][652]LogExit: Editor shut down
[2018.11.07-16.34.14:571][652]LogExit: Transaction tracking system shut down
[2018.11.07-16.34.16:604][652]LogExit: Object subsystem successfully closed.
[2018.11.07-16.34.16:727][652]LogShaderCompilers: Display: Shaders left to compile 0
[2018.11.07-16.34.16:753][652]LogD3D11RHI: Shutdown
[2018.11.07-16.34.16:753][652]LogD3D11RHI: CleanupD3DDevice
[2018.11.07-16.34.16:787][652]LogD3D11RHI: ~FD3D11DynamicRHI
[2018.11.07-16.34.18:215][652]LogModuleManager: Shutting down and abandoning module BlueprintGraph (614)
[2018.11.07-16.34.18:215][652]LogModuleManager: Shutting down and abandoning module HierarchicalLODOutliner (612)
[2018.11.07-16.34.18:215][652]LogModuleManager: Shutting down and abandoning module WorldBrowser (610)
[2018.11.07-16.34.18:223][652]LogModuleManager: Shutting down and abandoning module SceneOutliner (608)
[2018.11.07-16.34.18:223][652]LogModuleManager: Shutting down and abandoning module AddContentDialog (606)
[2018.11.07-16.34.18:234][652]LogModuleManager: Shutting down and abandoning module WidgetCarousel (605)
[2018.11.07-16.34.18:234][652]LogModuleManager: Shutting down and abandoning module EditorWidgets (602)
[2018.11.07-16.34.18:234][652]LogModuleManager: Shutting down and abandoning module CollectionManager (600)
[2018.11.07-16.34.18:265][652]LogModuleManager: Shutting down and abandoning module StatsViewer (598)
[2018.11.07-16.34.18:265][652]LogModuleManager: Shutting down and abandoning module FoliageEdit (596)
[2018.11.07-16.34.18:276][652]LogModuleManager: Shutting down and abandoning module LandscapeEditor (594)
[2018.11.07-16.34.18:311][652]LogModuleManager: Shutting down and abandoning module MeshPaintMode (592)
[2018.11.07-16.34.18:320][652]LogModuleManager: Shutting down and abandoning module SceneDepthPickerMode (590)
[2018.11.07-16.34.18:320][652]LogModuleManager: Shutting down and abandoning module ActorPickerMode (588)
[2018.11.07-16.34.18:320][652]LogModuleManager: Shutting down and abandoning module GeometryMode (586)
[2018.11.07-16.34.18:320][652]LogModuleManager: Shutting down and abandoning module TextureAlignMode (584)
[2018.11.07-16.34.18:320][652]LogModuleManager: Shutting down and abandoning module BspMode (582)
[2018.11.07-16.34.18:320][652]LogModuleManager: Shutting down and abandoning module PIEPreviewDeviceProfileSelector (580)
[2018.11.07-16.34.18:320][652]LogModuleManager: Shutting down and abandoning module SequenceRecorderSections (578)
[2018.11.07-16.34.18:334][652]LogModuleManager: Shutting down and abandoning module AutomationWorker (576)
[2018.11.07-16.34.18:334][652]LogModuleManager: Shutting down and abandoning module AudioCaptureEditor (574)
[2018.11.07-16.34.18:334][652]LogModuleManager: Shutting down and abandoning module SequenceRecorder (573)
[2018.11.07-16.34.18:349][652]LogModuleManager: Shutting down and abandoning module MatineeToLevelSequence (570)
[2018.11.07-16.34.18:379][652]LogModuleManager: Shutting down and abandoning module LevelSequenceEditor (568)
[2018.11.07-16.34.18:402][652]LogModuleManager: Shutting down and abandoning module PlacementMode (567)
[2018.11.07-16.34.18:402][652]LogModuleManager: Shutting down and abandoning module MaterialEditor (566)
[2018.11.07-16.34.18:446][652]LogModuleManager: Shutting down and abandoning module WmfMediaFactory (562)
[2018.11.07-16.34.18:446][652]LogModuleManager: Shutting down and abandoning module WmfMediaEditor (560)
[2018.11.07-16.34.18:446][652]LogModuleManager: Shutting down and abandoning module MediaPlayerEditor (558)
[2018.11.07-16.34.18:470][652]LogModuleManager: Shutting down and abandoning module OpenExrWrapper (556)
[2018.11.07-16.34.18:470][652]LogModuleManager: Shutting down and abandoning module ImgMediaFactory (554)
[2018.11.07-16.34.18:470][652]LogModuleManager: Shutting down and abandoning module ImgMediaEditor (552)
[2018.11.07-16.34.18:470][652]LogModuleManager: Shutting down and abandoning module AvfMediaFactory (550)
[2018.11.07-16.34.18:470][652]LogModuleManager: Shutting down and abandoning module AvfMediaEditor (548)
[2018.11.07-16.34.18:470][652]LogModuleManager: Shutting down and abandoning module AndroidMediaFactory (546)
[2018.11.07-16.34.18:470][652]LogModuleManager: Shutting down and abandoning module AndroidMediaEditor (544)
[2018.11.07-16.34.18:470][652]LogModuleManager: Shutting down and abandoning module MagicLeapCameraPreviewFactory (542)
[2018.11.07-16.34.18:470][652]LogModuleManager: Shutting down and abandoning module MagicLeapMediaFactory (540)
[2018.11.07-16.34.18:470][652]LogModuleManager: Shutting down and abandoning module MagicLeapMediaEditor (538)
[2018.11.07-16.34.18:470][652]LogModuleManager: Shutting down and abandoning module CharacterAI (536)
[2018.11.07-16.34.18:470][652]LogModuleManager: Shutting down and abandoning module SmartSnapping (534)
[2018.11.07-16.34.18:470][652]LogModuleManager: Shutting down and abandoning module SessionServices (532)
[2018.11.07-16.34.18:470][652]LogModuleManager: Shutting down and abandoning module ViewportSnapping (530)
[2018.11.07-16.34.18:470][652]LogModuleManager: Shutting down and abandoning module ViewportInteraction (528)
[2018.11.07-16.34.18:470][652]LogModuleManager: Shutting down and abandoning module ClothPainter (526)
[2018.11.07-16.34.18:493][652]LogModuleManager: Shutting down and abandoning module SkeletalMeshEditor (525)
[2018.11.07-16.34.18:512][652]LogModuleManager: Shutting down and abandoning module LogVisualizer (522)
[2018.11.07-16.34.18:529][652]LogModuleManager: Shutting down and abandoning module IntroTutorials (520)
[2018.11.07-16.34.18:564][652]LogModuleManager: Shutting down and abandoning module GameProjectGeneration (519)
[2018.11.07-16.34.18:578][652]LogModuleManager: Shutting down and abandoning module LuminPlatformEditor (516)
[2018.11.07-16.34.18:578][652]LogModuleManager: Shutting down and abandoning module IOSPlatformEditor (514)
[2018.11.07-16.34.18:593][652]LogModuleManager: Shutting down and abandoning module HTML5PlatformEditor (512)
[2018.11.07-16.34.18:593][652]LogModuleManager: Shutting down and abandoning module AndroidPlatformEditor (510)
[2018.11.07-16.34.18:593][652]LogModuleManager: Shutting down and abandoning module AndroidDeviceDetection (509)
[2018.11.07-16.34.19:070][652]LogModuleManager: Shutting down and abandoning module WindowsPlatformEditor (506)
[2018.11.07-16.34.19:070][652]LogModuleManager: Shutting down and abandoning module LuminRuntimeSettings (504)
[2018.11.07-16.34.19:070][652]LogModuleManager: Shutting down and abandoning module IOSRuntimeSettings (502)
[2018.11.07-16.34.19:070][652]LogModuleManager: Shutting down and abandoning module AndroidRuntimeSettings (500)
[2018.11.07-16.34.19:071][652]LogModuleManager: Shutting down and abandoning module InputBindingEditor (498)
[2018.11.07-16.34.19:100][652]LogModuleManager: Shutting down and abandoning module MergeActors (496)
[2018.11.07-16.34.19:118][652]LogModuleManager: Shutting down and abandoning module LocalizationDashboard (494)
[2018.11.07-16.34.19:137][652]LogModuleManager: Shutting down and abandoning module LocalizationService (493)
[2018.11.07-16.34.19:153][652]LogModuleManager: Shutting down and abandoning module HardwareTargeting (490)
[2018.11.07-16.34.19:153][652]LogModuleManager: Shutting down and abandoning module DeviceProfileEditor (488)
[2018.11.07-16.34.19:153][652]LogModuleManager: Shutting down and abandoning module UndoHistory (486)
[2018.11.07-16.34.19:172][652]LogModuleManager: Shutting down and abandoning module XmlParser (484)
[2018.11.07-16.34.19:172][652]LogModuleManager: Shutting down and abandoning module Blutility (482)
[2018.11.07-16.34.19:186][652]LogModuleManager: Shutting down and abandoning module ProjectSettingsViewer (480)
[2018.11.07-16.34.19:186][652]LogModuleManager: Shutting down and abandoning module ProjectTargetPlatformEditor (479)
[2018.11.07-16.34.19:186][652]LogModuleManager: Shutting down and abandoning module EditorSettingsViewer (476)
[2018.11.07-16.34.19:186][652]LogModuleManager: Shutting down and abandoning module SettingsEditor (474)
[2018.11.07-16.34.19:215][652]LogModuleManager: Shutting down and abandoning module ProjectLauncher (472)
[2018.11.07-16.34.19:240][652]LogModuleManager: Shutting down and abandoning module SessionFrontend (470)
[2018.11.07-16.34.19:254][652]LogModuleManager: Shutting down and abandoning module ProfilerClient (468)
[2018.11.07-16.34.19:267][652]LogModuleManager: Shutting down and abandoning module DeviceManager (466)
[2018.11.07-16.34.19:285][652]LogModuleManager: Shutting down and abandoning module TargetDeviceServices (465)
[2018.11.07-16.34.19:353][652]LogModuleManager: Shutting down and abandoning module AutomationController (462)
[2018.11.07-16.34.19:372][652]LogModuleManager: Shutting down and abandoning module AutomationWindow (460)
[2018.11.07-16.34.19:392][652]LogModuleManager: Shutting down and abandoning module Layers (458)
[2018.11.07-16.34.19:425][652]LogModuleManager: Shutting down and abandoning module ComponentVisualizers (456)
[2018.11.07-16.34.19:425][652]LogModuleManager: Shutting down and abandoning module DetailCustomizations (454)
[2018.11.07-16.34.19:433][652]LogModuleManager: Shutting down and abandoning module PackagesDialog (452)
[2018.11.07-16.34.19:433][652]LogModuleManager: Shutting down and abandoning module Persona (450)
[2018.11.07-16.34.19:470][652]LogModuleManager: Shutting down and abandoning module AdvancedPreviewScene (449)
[2018.11.07-16.34.19:470][652]LogModuleManager: Shutting down and abandoning module AnimGraph (447)
[2018.11.07-16.34.19:478][652]LogModuleManager: Shutting down and abandoning module Kismet (444)
[2018.11.07-16.34.19:482][652]LogModuleManager: Shutting down and abandoning module GraphEditor (442)
[2018.11.07-16.34.19:482][652]LogModuleManager: Shutting down and abandoning module ClassViewer (440)
[2018.11.07-16.34.19:482][652]LogModuleManager: Shutting down and abandoning module Toolbox (438)
[2018.11.07-16.34.19:482][652]LogModuleManager: Shutting down and abandoning module ModuleUI (436)
[2018.11.07-16.34.19:494][652]LogModuleManager: Shutting down and abandoning module MovieSceneTools (434)
[2018.11.07-16.34.19:515][652]LogModuleManager: Shutting down and abandoning module OutputLog (432)
[2018.11.07-16.34.19:515][652]LogModuleManager: Shutting down and abandoning module GammaUI (430)
[2018.11.07-16.34.19:528][652]LogModuleManager: Shutting down and abandoning module Documentation (428)
[2018.11.07-16.34.19:529][652]LogModuleManager: Shutting down and abandoning module MovieSceneTracks (426)
[2018.11.07-16.34.19:529][652]LogModuleManager: Shutting down and abandoning module MovieScene (424)
[2018.11.07-16.34.19:535][652]LogModuleManager: Shutting down and abandoning module StreamingPauseRendering (422)
[2018.11.07-16.34.19:550][652]LogModuleManager: Shutting down and abandoning module LauncherPlatform (420)
[2018.11.07-16.34.19:550][652]LogModuleManager: Shutting down and abandoning module AnalyticsET (418)
[2018.11.07-16.34.19:550][652]LogModuleManager: Shutting down and abandoning module PortalServices (416)
[2018.11.07-16.34.19:550][652]LogModuleManager: Shutting down and abandoning module PortalRpc (414)
[2018.11.07-16.34.19:550][652]LogModuleManager: Shutting down and abandoning module MessagingRpc (412)
[2018.11.07-16.34.19:550][652]LogModuleManager: Shutting down and abandoning module AIModule (410)
[2018.11.07-16.34.19:565][652]LogModuleManager: Shutting down and abandoning module GameplayDebugger (409)
[2018.11.07-16.34.19:565][652]LogModuleManager: Shutting down and abandoning module AITestSuite (407)
[2018.11.07-16.34.19:571][652]LogModuleManager: Shutting down and abandoning module NavigationSystem (405)
[2018.11.07-16.34.19:571][652]LogModuleManager: Shutting down and abandoning module DesktopPlatform (402)
[2018.11.07-16.34.19:571][652]LogModuleManager: Shutting down and abandoning module ProfilerService (400)
[2018.11.07-16.34.19:679][652]LogModuleManager: Shutting down and abandoning module TaskGraph (398)
[2018.11.07-16.34.19:708][652]LogModuleManager: Shutting down and abandoning module SteamVRController (396)
[2018.11.07-16.34.19:708][652]LogModuleManager: Shutting down and abandoning module ProceduralMeshComponentEditor (394)
[2018.11.07-16.34.19:708][652]LogModuleManager: Shutting down and abandoning module ProceduralMeshComponent (392)
[2018.11.07-16.34.19:723][652]LogModuleManager: Shutting down and abandoning module OculusInput (390)
[2018.11.07-16.34.19:723][652]LogModuleManager: Shutting down and abandoning module MobilePatchingUtils (388)
[2018.11.07-16.34.19:723][652]LogModuleManager: Shutting down and abandoning module EditableMesh (386)
[2018.11.07-16.34.19:740][652]LogModuleManager: Shutting down and abandoning module CustomMeshComponent (384)
[2018.11.07-16.34.19:740][652]LogModuleManager: Shutting down and abandoning module CableComponent (382)
[2018.11.07-16.34.19:740][652]LogModuleManager: Shutting down and abandoning module AudioCapture (380)
[2018.11.07-16.34.19:740][652]LogModuleManager: Shutting down and abandoning module ArchVisCharacter (378)
[2018.11.07-16.34.19:740][652]LogModuleManager: Shutting down and abandoning module AndroidPermission (376)
[2018.11.07-16.34.19:740][652]LogModuleManager: Shutting down and abandoning module NUTUnrealEngine4 (374)
[2018.11.07-16.34.19:740][652]LogModuleManager: Shutting down and abandoning module NetcodeUnitTest (372)
[2018.11.07-16.34.19:776][652]LogModuleManager: Shutting down and abandoning module MediaCompositingEditor (370)
[2018.11.07-16.34.19:776][652]LogModuleManager: Shutting down and abandoning module MediaCompositing (368)
[2018.11.07-16.34.19:776][652]LogModuleManager: Shutting down and abandoning module LinearTimecode (366)
[2018.11.07-16.34.19:777][652]LogModuleManager: Shutting down and abandoning module ImgMedia (364)
[2018.11.07-16.34.19:800][652]LogModuleManager: Shutting down and abandoning module HTML5Networking (362)
[2018.11.07-16.34.19:800][652]LogModuleManager: Shutting down and abandoning module GeometryCacheTracks (360)
[2018.11.07-16.34.19:800][652]LogModuleManager: Shutting down and abandoning module GeometryCacheSequencer (358)
[2018.11.07-16.34.19:800][652]LogModuleManager: Shutting down and abandoning module BackChannel (356)
[2018.11.07-16.34.19:814][652]LogModuleManager: Shutting down and abandoning module AppleVision (354)
[2018.11.07-16.34.19:814][652]LogModuleManager: Shutting down and abandoning module AppleImageUtils (352)
[2018.11.07-16.34.19:815][652]LogModuleManager: Shutting down and abandoning module AlembicImporter (350)
[2018.11.07-16.34.19:815][652]LogModuleManager: Shutting down and abandoning module AlembicLibrary (349)
[2018.11.07-16.34.19:815][652]LogModuleManager: Shutting down and abandoning module GeometryCache (348)
[2018.11.07-16.34.19:815][652]LogModuleManager: Shutting down and abandoning module GeometryCacheEd (347)
[2018.11.07-16.34.19:815][652]LogModuleManager: Shutting down and abandoning module DatasmithContentEditor (342)
[2018.11.07-16.34.19:824][652]LogModuleManager: Shutting down and abandoning module DatasmithContent (340)
[2018.11.07-16.34.19:825][652]LogModuleManager: Shutting down and abandoning module SpeedTreeImporter (338)
[2018.11.07-16.34.19:825][652]LogModuleManager: Shutting down and abandoning module PluginBrowser (336)
[2018.11.07-16.34.19:902][652]LogModuleManager: Shutting down and abandoning module MobileLauncherProfileWizard (334)
[2018.11.07-16.34.19:912][652]LogModuleManager: Shutting down and abandoning module PolygonModeling (332)
[2018.11.07-16.34.19:912][652]LogModuleManager: Shutting down and abandoning module MeshEditor (330)
[2018.11.07-16.34.19:939][652]LogModuleManager: Shutting down and abandoning module CryptoKeysOpenSSL (328)
[2018.11.07-16.34.19:951][652]LogModuleManager: Shutting down and abandoning module CryptoKeys (326)
[2018.11.07-16.34.19:951][652]LogModuleManager: Shutting down and abandoning module VisualStudioSourceCodeAccess (324)
[2018.11.07-16.34.19:951][652]LogModuleManager: Shutting down and abandoning module VisualStudioCodeSourceCodeAccess (322)
[2018.11.07-16.34.19:951][652]LogModuleManager: Shutting down and abandoning module UObjectPlugin (320)
[2018.11.07-16.34.19:951][652]LogModuleManager: Shutting down and abandoning module SubversionSourceControl (318)
[2018.11.07-16.34.19:964][652]LogModuleManager: Shutting down and abandoning module PerforceSourceControl (316)
[2018.11.07-16.34.20:026][652]LogModuleManager: Shutting down and abandoning module GitSourceControl (314)
[2018.11.07-16.34.20:065][652]LogModuleManager: Shutting down and abandoning module SourceControl (313)
[2018.11.07-16.34.20:065][652]LogModuleManager: Shutting down and abandoning module CLionSourceCodeAccess (310)
[2018.11.07-16.34.20:065][652]LogModuleManager: Shutting down and abandoning module LightPropagationVolumeEditor (308)
[2018.11.07-16.34.20:065][652]LogModuleManager: Shutting down and abandoning module PaperTiledImporter (306)
[2018.11.07-16.34.20:065][652]LogModuleManager: Shutting down and abandoning module PaperSpriteSheetImporter (304)
[2018.11.07-16.34.20:065][652]LogModuleManager: Shutting down and abandoning module Paper2DEditor (302)
[2018.11.07-16.34.20:146][652]LogModuleManager: Shutting down and abandoning module MeshPaint (301)
[2018.11.07-16.34.20:170][652]LogModuleManager: Shutting down and abandoning module RuntimePhysXCooking (298)
[2018.11.07-16.34.20:170][652]LogModuleManager: Shutting down and abandoning module PhysXVehiclesEditor (296)
[2018.11.07-16.34.20:170][652]LogModuleManager: Shutting down and abandoning module PhysXVehicles (294)
[2018.11.07-16.34.20:170][652]LogModuleManager: Shutting down and abandoning module OculusEditor (292)
[2018.11.07-16.34.20:177][652]LogModuleManager: Shutting down and abandoning module LocationServicesBPLibrary (290)
[2018.11.07-16.34.20:177][652]LogModuleManager: Shutting down and abandoning module ImmediatePhysicsEditor (288)
[2018.11.07-16.34.20:177][652]LogModuleManager: Shutting down and abandoning module ImmediatePhysics (286)
[2018.11.07-16.34.20:240][652]LogModuleManager: Shutting down and abandoning module ActorSequence (284)
[2018.11.07-16.34.20:240][652]LogModuleManager: Shutting down and abandoning module UdpMessaging (282)
[2018.11.07-16.34.20:341][652]LogModuleManager: Shutting down and abandoning module TcpMessaging (280)
[2018.11.07-16.34.20:468][652]LogModuleManager: Shutting down and abandoning module MagicLeapAudio (278)
[2018.11.07-16.34.20:468][652]LogModuleManager: Shutting down and abandoning module GameplayTagsEditor (276)
[2018.11.07-16.34.20:488][652]LogModuleManager: Shutting down and abandoning module FacialAnimationEditor (274)
[2018.11.07-16.34.20:488][652]LogModuleManager: Shutting down and abandoning module FacialAnimation (272)
[2018.11.07-16.34.20:488][652]LogModuleManager: Shutting down and abandoning module DataValidation (270)
[2018.11.07-16.34.20:488][652]LogModuleManager: Shutting down and abandoning module AssetManagerEditor (268)
[2018.11.07-16.34.20:523][652]LogModuleManager: Shutting down and abandoning module LevelEditor (267)
[2018.11.07-16.34.20:597][652]LogModuleManager: Shutting down and abandoning module PixelInspectorModule (266)
[2018.11.07-16.34.20:623][652]LogModuleManager: Shutting down and abandoning module CommonMenuExtensions (264)
[2018.11.07-16.34.20:623][652]LogModuleManager: Shutting down and abandoning module MainFrame (262)
[2018.11.07-16.34.20:630][652]LogModuleManager: Shutting down and abandoning module HotReload (261)
[2018.11.07-16.34.20:654][652]LogModuleManager: Shutting down and abandoning module ContentBrowser (257)
[2018.11.07-16.34.20:655][652]LogModuleManager: Shutting down and abandoning module TreeMap (255)
[2018.11.07-16.34.20:698][652]LogModuleManager: Shutting down and abandoning module LightPropagationVolumeRuntime (252)
[2018.11.07-16.34.20:698][652]LogModuleManager: Shutting down and abandoning module AISupportModule (250)
[2018.11.07-16.34.20:698][652]LogModuleManager: Shutting down and abandoning module Paper2D (248)
[2018.11.07-16.34.20:710][652]LogModuleManager: Shutting down and abandoning module WindowsMoviePlayer (246)
[2018.11.07-16.34.20:728][652]LogModuleManager: Shutting down and abandoning module WmfMedia (244)
[2018.11.07-16.34.20:757][652]LogModuleManager: Shutting down and abandoning module Media (243)
[2018.11.07-16.34.20:763][652]LogModuleManager: Shutting down and abandoning module PacketHandler (240)
[2018.11.07-16.34.20:763][652]LogModuleManager: Shutting down and abandoning module ClothingSystemEditor (238)
[2018.11.07-16.34.20:763][652]LogModuleManager: Shutting down and abandoning module ClothingSystemRuntime (236)
[2018.11.07-16.34.20:763][652]LogModuleManager: Shutting down and abandoning module MediaAssets (234)
[2018.11.07-16.34.20:763][652]LogModuleManager: Shutting down and abandoning module Overlay (232)
[2018.11.07-16.34.20:763][652]LogModuleManager: Shutting down and abandoning module OverlayEditor (231)
[2018.11.07-16.34.20:763][652]LogModuleManager: Shutting down and abandoning module VREditor (228)
[2018.11.07-16.34.20:787][652]LogModuleManager: Shutting down and abandoning module StringTableEditor (226)
[2018.11.07-16.34.20:835][652]LogModuleManager: Shutting down and abandoning module GameplayTasksEditor (224)
[2018.11.07-16.34.20:835][652]LogModuleManager: Shutting down and abandoning module BehaviorTreeEditor (222)
[2018.11.07-16.34.20:865][652]LogModuleManager: Shutting down and abandoning module FunctionalTesting (220)
[2018.11.07-16.34.20:893][652]LogModuleManager: Shutting down and abandoning module CollisionAnalyzer (218)
[2018.11.07-16.34.20:905][652]LogModuleManager: Shutting down and abandoning module WorkspaceMenuStructure (217)
[2018.11.07-16.34.20:905][652]LogModuleManager: Shutting down and abandoning module UMG (214)
[2018.11.07-16.34.20:914][652]LogModuleManager: Shutting down and abandoning module UMGEditor (213)
[2018.11.07-16.34.20:972][652]LogModuleManager: Shutting down and abandoning module Sequencer (212)
[2018.11.07-16.34.21:060][652]LogModuleManager: Shutting down and abandoning module MessageLog (209)
[2018.11.07-16.34.21:060][652]LogModuleManager: Shutting down and abandoning module SlateReflector (204)
[2018.11.07-16.34.21:106][652]LogModuleManager: Shutting down and abandoning module Slate (202)
[2018.11.07-16.34.21:106][652]LogModuleManager: Shutting down and abandoning module EditorStyle (200)
[2018.11.07-16.34.21:108][652]LogModuleManager: Shutting down and abandoning module MRMesh (198)
[2018.11.07-16.34.21:126][652]LogModuleManager: Shutting down and abandoning module SourceCodeAccess (196)
[2018.11.07-16.34.21:126][652]LogModuleManager: Shutting down and abandoning module HeadMountedDisplay (194)
[2018.11.07-16.34.21:126][652]LogModuleManager: Shutting down and abandoning module XAudio2 (192)
[2018.11.07-16.34.21:126][652]LogModuleManager: Shutting down and abandoning module Networking (190)
[2018.11.07-16.34.21:126][652]LogModuleManager: Shutting down and abandoning module Core (188)
[2018.11.07-16.34.21:126][652]LogModuleManager: Shutting down and abandoning module LevelSequence (186)
[2018.11.07-16.34.21:126][652]LogModuleManager: Shutting down and abandoning module KismetCompiler (184)
[2018.11.07-16.34.21:126][652]LogModuleManager: Shutting down and abandoning module MeshUtilities (182)
[2018.11.07-16.34.21:138][652]LogModuleManager: Shutting down and abandoning module MeshMergeUtilities (181)
[2018.11.07-16.34.21:189][652]LogModuleManager: Shutting down and abandoning module MeshReductionInterface (180)
[2018.11.07-16.34.21:189][652]LogModuleManager: Shutting down and abandoning module SimplygonSwarm (179)
[2018.11.07-16.34.21:205][652]LogModuleManager: Shutting down and abandoning module ProxyLODMeshReduction (177)
[2018.11.07-16.34.21:236][652]LogModuleManager: Shutting down and abandoning module SimplygonMeshReduction (175)
[2018.11.07-16.34.21:236][652]LogModuleManager: Shutting down and abandoning module QuadricMeshReduction (173)
[2018.11.07-16.34.21:258][652]LogModuleManager: Shutting down and abandoning module MaterialBaking (169)
[2018.11.07-16.34.21:258][652]LogModuleManager: Shutting down and abandoning module DirectoryWatcher (165)
[2018.11.07-16.34.21:258][652]LogModuleManager: Shutting down and abandoning module DerivedDataCache (162)
[2018.11.07-16.34.21:332][652]LogDerivedDataCache: Shutdown
[2018.11.07-16.34.21:332][652]LogModuleManager: Shutting down and abandoning module XGEController (160)
[2018.11.07-16.34.21:332][652]LogXGEController: Cleaning working directory: C:/Users/justi/AppData/Local/Temp/UnrealXGEWorkingDir/
[2018.11.07-16.34.21:333][652]LogModuleManager: Shutting down and abandoning module TargetPlatform (158)
[2018.11.07-16.34.21:333][652]LogModuleManager: Shutting down and abandoning module VulkanShaderFormat (157)
[2018.11.07-16.34.21:348][652]LogModuleManager: Shutting down and abandoning module ShaderFormatVectorVM (155)
[2018.11.07-16.34.21:354][652]LogModuleManager: Shutting down and abandoning module ShaderFormatOpenGL (153)
[2018.11.07-16.34.21:359][652]LogModuleManager: Shutting down and abandoning module ShaderFormatD3D (151)
[2018.11.07-16.34.21:359][652]LogModuleManager: Shutting down and abandoning module MetalShaderFormat (149)
[2018.11.07-16.34.21:378][652]LogModuleManager: Shutting down and abandoning module TextureFormatUncompressed (147)
[2018.11.07-16.34.21:378][652]LogModuleManager: Shutting down and abandoning module TextureFormatPVR (145)
[2018.11.07-16.34.21:378][652]LogModuleManager: Shutting down and abandoning module TextureFormatDXT (143)
[2018.11.07-16.34.21:396][652]LogModuleManager: Shutting down and abandoning module TextureFormatIntelISPCTexComp (141)
[2018.11.07-16.34.21:406][652]LogModuleManager: Shutting down and abandoning module TextureFormatASTC (139)
[2018.11.07-16.34.21:406][652]LogModuleManager: Shutting down and abandoning module ImageWrapper (138)
[2018.11.07-16.34.21:406][652]LogModuleManager: Shutting down and abandoning module TextureFormatAndroid (135)
[2018.11.07-16.34.21:406][652]LogModuleManager: Shutting down and abandoning module AudioFormatOpus (133)
[2018.11.07-16.34.21:406][652]LogModuleManager: Shutting down and abandoning module AudioFormatOgg (131)
[2018.11.07-16.34.21:406][652]LogModuleManager: Shutting down and abandoning module AudioFormatADPCM (129)
[2018.11.07-16.34.21:406][652]LogModuleManager: Shutting down and abandoning module LuminTargetPlatform (127)
[2018.11.07-16.34.21:406][652]LogModuleManager: Shutting down and abandoning module LinuxTargetPlatform (125)
[2018.11.07-16.34.21:406][652]LogModuleManager: Shutting down and abandoning module LinuxServerTargetPlatform (123)
[2018.11.07-16.34.21:406][652]LogModuleManager: Shutting down and abandoning module LinuxNoEditorTargetPlatform (121)
[2018.11.07-16.34.21:420][652]LogModuleManager: Shutting down and abandoning module LinuxClientTargetPlatform (119)
[2018.11.07-16.34.21:433][652]LogModuleManager: Shutting down and abandoning module TVOSTargetPlatform (117)
[2018.11.07-16.34.21:434][652]LogModuleManager: Shutting down and abandoning module Messaging (115)
[2018.11.07-16.34.21:434][652]LogModuleManager: Shutting down and abandoning module IOSTargetPlatform (113)
[2018.11.07-16.34.21:434][652]LogModuleManager: Shutting down and abandoning module HTML5TargetPlatform (111)
[2018.11.07-16.34.21:434][652]LogModuleManager: Shutting down and abandoning module AndroidTargetPlatform (109)
[2018.11.07-16.34.21:453][652]LogModuleManager: Shutting down and abandoning module WindowsTargetPlatform (107)
[2018.11.07-16.34.21:454][652]LogModuleManager: Shutting down and abandoning module WindowsServerTargetPlatform (105)
[2018.11.07-16.34.21:454][652]LogModuleManager: Shutting down and abandoning module WindowsNoEditorTargetPlatform (103)
[2018.11.07-16.34.21:454][652]LogModuleManager: Shutting down and abandoning module WindowsClientTargetPlatform (101)
[2018.11.07-16.34.21:454][652]LogModuleManager: Shutting down and abandoning module MacTargetPlatform (99)
[2018.11.07-16.34.21:454][652]LogModuleManager: Shutting down and abandoning module MacServerTargetPlatform (97)
[2018.11.07-16.34.21:454][652]LogModuleManager: Shutting down and abandoning module MacNoEditorTargetPlatform (95)
[2018.11.07-16.34.21:454][652]LogModuleManager: Shutting down and abandoning module MacClientTargetPlatform (93)
[2018.11.07-16.34.21:454][652]LogModuleManager: Shutting down and abandoning module AllDesktopTargetPlatform (91)
[2018.11.07-16.34.21:454][652]LogModuleManager: Shutting down and abandoning module InputCore (88)
[2018.11.07-16.34.21:454][652]LogModuleManager: Shutting down and abandoning module Settings (86)
[2018.11.07-16.34.21:454][652]LogModuleManager: Shutting down and abandoning module PhysXCooking (84)
[2018.11.07-16.34.21:454][652]LogModuleManager: Shutting down and abandoning module SteamVR (82)
[2018.11.07-16.34.21:454][652]LogModuleManager: Shutting down and abandoning module OculusHMD (80)
[2018.11.07-16.34.21:466][652]LogModuleManager: Shutting down and abandoning module ExampleDeviceProfileSelector (78)
[2018.11.07-16.34.21:466][652]LogModuleManager: Shutting down and abandoning module LauncherChunkInstaller (76)
[2018.11.07-16.34.21:466][652]LogModuleManager: Shutting down and abandoning module OnlineBlueprintSupport (74)
[2018.11.07-16.34.21:466][652]LogModuleManager: Shutting down and abandoning module OnlineSubsystem (70)
[2018.11.07-16.34.21:498][652]LogModuleManager: Shutting down and abandoning module XMPP (65)
[2018.11.07-16.34.21:509][652]LogModuleManager: Shutting down and abandoning module WebSockets (64)
[2018.11.07-16.34.21:561][652]LogModuleManager: Shutting down and abandoning module HTTP (61)
[2018.11.07-16.34.21:561][652]LogHttp: Display: Http module shutting down, but needs to wait on 1 outstanding Http requests:
[2018.11.07-16.34.21:561][652]LogHttp: Display: 	verb=[POST] url=[https://datarouter.ol.epicgames.com/datarouter/api/v1/public/data?SessionID=%7BB39F4378-49B9-9B0C-7D2D-9DB45B4F303D%7D&AppID=UEEditor.Rocket.Release&AppVersion=4.20.3-4369336%2B%2B%2BUE4%2BRelease-4.20&UserID=b959af7c4c829f12642ff7be5b1c625b%7C17f21abb438a4c19b81711ce84a4f9ff%7Cec4b851b-75ad-4840-b3a9-2f8908b22a1a&AppEnvironment=datacollector-binary&UploadType=eteventstream] status=Processing
[2018.11.07-16.34.21:590][652]LogModuleManager: Shutting down and abandoning module SSL (60)
[2018.11.07-16.34.21:599][652]LogModuleManager: Shutting down and abandoning module MagicLeapEmulator (56)
[2018.11.07-16.34.21:599][652]LogModuleManager: Shutting down and abandoning module MagicLeapPrivileges (54)
[2018.11.07-16.34.21:599][652]LogModuleManager: Shutting down and abandoning module MagicLeapIdentity (52)
[2018.11.07-16.34.21:599][652]LogModuleManager: Shutting down and abandoning module MagicLeapHelperVulkan (50)
[2018.11.07-16.34.21:599][652]LogModuleManager: Shutting down and abandoning module MagicLeapHelperOpenGL (48)
[2018.11.07-16.34.21:599][652]LogModuleManager: Shutting down and abandoning module MagicLeapSecureStorage (46)
[2018.11.07-16.34.21:599][652]LogModuleManager: Shutting down and abandoning module MagicLeapGestures (44)
[2018.11.07-16.34.21:599][652]LogModuleManager: Shutting down and abandoning module MagicLeapEyeTracker (42)
[2018.11.07-16.34.21:599][652]LogModuleManager: Shutting down and abandoning module MagicLeapController (40)
[2018.11.07-16.34.21:604][652]LogSlate: Slate User Destroyed.  User Index 0, Is Virtual User: 0
[2018.11.07-16.34.21:604][652]LogModuleManager: Shutting down and abandoning module MagicLeap (38)
[2018.11.07-16.34.21:605][652]LogModuleManager: Shutting down and abandoning module AnimationModifiers (36)
[2018.11.07-16.34.21:624][652]LogModuleManager: Shutting down and abandoning module PropertyEditor (35)
[2018.11.07-16.34.21:624][652]LogModuleManager: Shutting down and abandoning module AudioEditor (32)
[2018.11.07-16.34.21:646][652]LogModuleManager: Shutting down and abandoning module TextureCompressor (30)
[2018.11.07-16.34.21:657][652]LogModuleManager: Shutting down and abandoning module ShaderCore (28)
[2018.11.07-16.34.21:657][652]LogModuleManager: Shutting down and abandoning module Landscape (26)
[2018.11.07-16.34.21:657][652]LogModuleManager: Shutting down and abandoning module SlateRHIRenderer (24)
[2018.11.07-16.34.21:682][652]LogModuleManager: Shutting down and abandoning module OpenGLDrv (22)
[2018.11.07-16.34.21:692][652]LogModuleManager: Shutting down and abandoning module D3D11RHI (20)
[2018.11.07-16.34.21:693][652]LogModuleManager: Shutting down and abandoning module AnimGraphRuntime (18)
[2018.11.07-16.34.21:708][652]LogModuleManager: Shutting down and abandoning module Renderer (16)
[2018.11.07-16.34.21:708][652]LogModuleManager: Shutting down and abandoning module Engine (14)
[2018.11.07-16.34.21:708][652]LogModuleManager: Shutting down and abandoning module CoreUObject (12)
[2018.11.07-16.34.21:708][652]LogModuleManager: Shutting down and abandoning module NetworkFile (10)
[2018.11.07-16.34.21:718][652]LogModuleManager: Shutting down and abandoning module CookedIterativeFile (8)
[2018.11.07-16.34.21:719][652]LogModuleManager: Shutting down and abandoning module StreamingFile (6)
[2018.11.07-16.34.21:738][652]LogModuleManager: Shutting down and abandoning module SandboxFile (4)
[2018.11.07-16.34.21:738][652]LogModuleManager: Shutting down and abandoning module PakFile (2)
[2018.11.07-16.34.21:756][652]LogExit: Exiting.
[2018.11.07-16.34.21:767][652]Log file closed, 11/07/18 11:34:21
